<?xml version="1.0" encoding="UTF-8"?>
<!-- Generated by org.testng.reporters.JUnitReportReporter -->
<testsuite hostname="DESKTOP-K0ONJ7J" failures="0" tests="5" name="com.sausedemo.qa.TestCases.LoginDDT" time="27.773" errors="0" timestamp="2024-09-22T19:05:23 IST" skipped="0">
  <testcase classname="com.sausedemo.qa.TestCases.LoginDDT" name="ValidateLogin" time="4.300"/>
  <testcase classname="com.sausedemo.qa.TestCases.LoginDDT" name="ValidateLogin" time="4.294"/>
  <testcase classname="com.sausedemo.qa.TestCases.LoginDDT" name="ValidateLogin" time="5.366"/>
  <testcase classname="com.sausedemo.qa.TestCases.LoginDDT" name="ValidateLogin" time="4.293"/>
  <testcase classname="com.sausedemo.qa.TestCases.LoginDDT" name="ValidateLogin" time="9.520"/>
</testsuite> <!-- com.sausedemo.qa.TestCases.LoginDDT -->
