<?xml version="1.0" encoding="UTF-8"?>
<!-- Generated by org.testng.reporters.JUnitReportReporter -->
<testsuite hostname="DESKTOP-K0ONJ7J" failures="0" tests="3" name="com.sausedemo.qa.TestCases.Homepage_Products" time="11.630" errors="0" timestamp="2024-09-21T20:52:30 IST" skipped="0">
  <testcase classname="com.sausedemo.qa.TestCases.Homepage_Products" name="validateMenu" time="4.737"/>
  <testcase classname="com.sausedemo.qa.TestCases.Homepage_Products" name="ValidateNorOfproducts" time="0.023"/>
  <testcase classname="com.sausedemo.qa.TestCases.Homepage_Products" name="ValidateAddCart" time="6.870"/>
</testsuite> <!-- com.sausedemo.qa.TestCases.Homepage_Products -->
